aloofClient/build/intermediates/manifest_merge_blame_file/regularDebug/manifest-merger-blame-regular-debug-report.txt
1<?xml version="1.0" encoding="utf-8"?>
2<manifest xmlns:android="http://schemas.android.com/apk/res/android"
3    xmlns:tools="http://schemas.android.com/tools"
4    package="com.macinternetservices.aloofClient"
5    android:versionCode="1"
6    android:versionName="0.0" >
7
8    <uses-sdk
9        android:minSdkVersion="16"
9-->src/main/AndroidManifest.xml
10        android:targetSdkVersion="29" />
10-->src/main/AndroidManifest.xml
11
12    <uses-permission android:name="android.permission.ACCESS_COARSE_LOCATION" />
12-->src/main/AndroidManifest.xml:7:5-81
12-->src/main/AndroidManifest.xml:7:22-78
13    <uses-permission android:name="android.permission.ACCESS_FINE_LOCATION" />
13-->src/main/AndroidManifest.xml:8:5-79
13-->src/main/AndroidManifest.xml:8:22-76
14    <uses-permission android:name="android.permission.ACCESS_BACKGROUND_LOCATION" />
14-->src/main/AndroidManifest.xml:9:5-85
14-->src/main/AndroidManifest.xml:9:22-82
15    <uses-permission android:name="android.permission.INTERNET" />
15-->src/main/AndroidManifest.xml:10:5-67
15-->src/main/AndroidManifest.xml:10:22-64
16    <uses-permission android:name="android.permission.ACCESS_NETWORK_STATE" />
16-->src/main/AndroidManifest.xml:11:5-79
16-->src/main/AndroidManifest.xml:11:22-76
17    <uses-permission android:name="android.permission.RECEIVE_BOOT_COMPLETED" />
17-->src/main/AndroidManifest.xml:12:5-81
17-->src/main/AndroidManifest.xml:12:22-78
18    <uses-permission android:name="android.permission.WAKE_LOCK" />
18-->src/main/AndroidManifest.xml:13:5-68
18-->src/main/AndroidManifest.xml:13:22-65
19    <uses-permission android:name="android.permission.FOREGROUND_SERVICE" />
19-->src/main/AndroidManifest.xml:14:5-77
19-->src/main/AndroidManifest.xml:14:22-74
20    <uses-permission android:name="com.android.launcher.permission.INSTALL_SHORTCUT" />
20-->src/main/AndroidManifest.xml:15:5-88
20-->src/main/AndroidManifest.xml:15:22-85
21    <uses-permission android:name="com.google.android.gms.permission.ACTIVITY_RECOGNITION" />
21-->src/main/AndroidManifest.xml:16:5-94
21-->src/main/AndroidManifest.xml:16:22-91
22
23    <uses-feature android:name="android.hardware.location.network" />
23-->src/main/AndroidManifest.xml:18:5-70
23-->src/main/AndroidManifest.xml:18:19-67
24    <uses-feature android:name="android.hardware.location.gps" />
24-->src/main/AndroidManifest.xml:19:5-66
24-->src/main/AndroidManifest.xml:19:19-63
25
26    <application
26-->src/main/AndroidManifest.xml:21:5-73:19
27        android:name="com.macinternetservices.aloofClient.MainApplication"
27-->src/main/AndroidManifest.xml:23:9-40
28        android:allowBackup="true"
28-->src/main/AndroidManifest.xml:22:9-35
29        tools:ignore="GoogleAppIndexingWarning" >
29-->src/main/AndroidManifest.xml:24:9-48
30
31        <!--
32            meta-data
33            android:name="google_analytics_adid_collection_enabled"
34            android:value="false" /
35        -->
36
37        <activity
37-->src/main/AndroidManifest.xml:30:9-32:47
38            android:name="com.macinternetservices.aloofClient.MainActivity"
38-->src/main/AndroidManifest.xml:31:13-41
39            android:launchMode="singleTask" />
39-->src/main/AndroidManifest.xml:32:13-44
40
41        <activity-alias
41-->src/main/AndroidManifest.xml:34:9-44:27
42            android:name="com.macinternetservices.aloofClient.Client"
42-->src/main/AndroidManifest.xml:35:13-34
43            android:targetActivity="com.macinternetservices.aloofClient.MainActivity" >
43-->src/main/AndroidManifest.xml:36:13-51
44
45            <!--
46            intent-filter>
47                <action android:name="android.intent.action.MAIN" />
48                <category android:name="android.intent.category.LAUNCHER" />
49            </intent-filter
50            -->
51            <meta-data
51-->src/main/AndroidManifest.xml:41:13-43:53
52                android:name="android.app.shortcuts"
52-->src/main/AndroidManifest.xml:42:17-53
53                android:resource="@xml/shortcuts" />
53-->src/main/AndroidManifest.xml:43:17-50
54        </activity-alias>
55
56        <activity android:name="com.macinternetservices.aloofClient.StatusActivity" />
56-->src/main/AndroidManifest.xml:46:9-51
56-->src/main/AndroidManifest.xml:46:19-49
57        <activity
57-->src/main/AndroidManifest.xml:48:9-55:20
58            android:name="com.macinternetservices.aloofClient.ShortcutActivity"
58-->src/main/AndroidManifest.xml:49:13-45
59            android:label="@string/menu_shortcuts" >
59-->src/main/AndroidManifest.xml:50:13-51
60            <intent-filter>
60-->src/main/AndroidManifest.xml:51:13-54:29
61                <action android:name="android.intent.action.MAIN" />
61-->src/main/AndroidManifest.xml:52:17-69
61-->src/main/AndroidManifest.xml:52:25-66
62                <action android:name="android.intent.action.CREATE_SHORTCUT" />
62-->src/main/AndroidManifest.xml:53:17-80
62-->src/main/AndroidManifest.xml:53:25-77
63            </intent-filter>
64        </activity>
65
66        <service
66-->src/main/AndroidManifest.xml:57:9-59:56
67            android:name="com.macinternetservices.aloofClient.TrackingService"
67-->src/main/AndroidManifest.xml:58:13-44
68            android:foregroundServiceType="location" />
68-->src/main/AndroidManifest.xml:59:13-53
69
70        <!--
71            service
72            android:name=".TrackingService$HideNotificationService" /
73        -->
74
75        <receiver android:name="com.macinternetservices.aloofClient.AutostartReceiver" >
75-->src/main/AndroidManifest.xml:64:9-71:20
75-->src/main/AndroidManifest.xml:64:19-52
76            <intent-filter>
76-->src/main/AndroidManifest.xml:65:13-67:29
77                <action android:name="android.intent.action.BOOT_COMPLETED" />
77-->src/main/AndroidManifest.xml:66:17-79
77-->src/main/AndroidManifest.xml:66:25-76
78            </intent-filter>
79            <intent-filter>
79-->src/main/AndroidManifest.xml:68:13-70:29
80                <action android:name="android.intent.action.MY_PACKAGE_REPLACED" />
80-->src/main/AndroidManifest.xml:69:17-84
80-->src/main/AndroidManifest.xml:69:25-81
81            </intent-filter>
82        </receiver>
83    </application>
84
85</manifest>